# JRE version: 7.0_25-b16
# Java VM: Java HotSpot(TM) Client VM (23.25-b01 mixed mode, sharing windows-x86 )
Heap
 def new generation   total 78656K, used 32048K [0x27010000, 0x2c560000, 0x2c560000)
  eden space 69952K,  44% used [0x27010000, 0x28e534c0, 0x2b460000)
  from space 8704K,  12% used [0x2bce0000, 0x2bde8d68, 0x2c560000)
  to   space 8704K,   0% used [0x2b460000, 0x2b460000, 0x2bce0000)
 tenured generation   total 174784K, used 110139K [0x2c560000, 0x37010000, 0x37010000)
   the space 174784K,  63% used [0x2c560000, 0x330eed20, 0x330eee00, 0x37010000)
 compacting perm gen  total 12288K, used 8311K [0x37010000, 0x37c10000, 0x3b010000)
   the space 12288K,  67% used [0x37010000, 0x3782def0, 0x3782e000, 0x37c10000)
    ro space 10240K,  45% used [0x3b010000, 0x3b499b28, 0x3b499c00, 0x3ba10000)
    rw space 12288K,  54% used [0x3ba10000, 0x3c09d0e8, 0x3c09d200, 0x3c610000)
GC Heap History (10 events):
Event: 30.230 GC heap before
{Heap before GC invocations=159 (full 105):
 def new generation   total 78656K, used 69952K [0x27010000, 0x2c560000, 0x2c560000)
  eden space 69952K, 100% used [0x27010000, 0x2b460000, 0x2b460000)
  from space 8704K,   0% used [0x2b460000, 0x2b460000, 0x2bce0000)
  to   space 8704K,   0% used [0x2bce0000, 0x2bce0000, 0x2c560000)
 tenured generation   total 174784K, used 161696K [0x2c560000, 0x37010000, 0x37010000)
   the space 174784K,  92% used [0x2c560000, 0x36348300, 0x36348400, 0x37010000)
 compacting perm gen  total 12288K, used 8225K [0x37010000, 0x37c10000, 0x3b010000)
   the space 12288K,  66% used [0x37010000, 0x37818678, 0x37818800, 0x37c10000)
    ro space 10240K,  45% used [0x3b010000, 0x3b499b28, 0x3b499c00, 0x3ba10000)
    rw space 12288K,  54% used [0x3ba10000, 0x3c09d0e8, 0x3c09d200, 0x3c610000)
Event: 30.436 GC heap after
Heap after GC invocations=160 (full 106):
 def new generation   total 78656K, used 0K [0x27010000, 0x2c560000, 0x2c560000)
  eden space 69952K,   0% used [0x27010000, 0x27010000, 0x2b460000)
  from space 8704K,   0% used [0x2b460000, 0x2b460000, 0x2bce0000)
  to   space 8704K,   0% used [0x2bce0000, 0x2bce0000, 0x2c560000)
 tenured generation   total 174784K, used 161699K [0x2c560000, 0x37010000, 0x37010000)
   the space 174784K,  92% used [0x2c560000, 0x36348fe8, 0x36349000, 0x37010000)
 compacting perm gen  total 12288K, used 8225K [0x37010000, 0x37c10000, 0x3b010000)
   the space 12288K,  66% used [0x37010000, 0x37818678, 0x37818800, 0x37c10000)
    ro space 10240K,  45% used [0x3b010000, 0x3b499b28, 0x3b499c00, 0x3ba10000)
    rw space 12288K,  54% used [0x3ba10000, 0x3c09d0e8, 0x3c09d200, 0x3c610000)
}
Event: 30.446 GC heap before
{Heap before GC invocations=160 (full 106):
 def new generation   total 78656K, used 69952K [0x27010000, 0x2c560000, 0x2c560000)
  eden space 69952K, 100% used [0x27010000, 0x2b460000, 0x2b460000)
  from space 8704K,   0% used [0x2b460000, 0x2b460000, 0x2bce0000)
  to   space 8704K,   0% used [0x2bce0000, 0x2bce0000, 0x2c560000)
 tenured generation   total 174784K, used 161699K [0x2c560000, 0x37010000, 0x37010000)
   the space 174784K,  92% used [0x2c560000, 0x36348fe8, 0x36349000, 0x37010000)
 compacting perm gen  total 12288K, used 8225K [0x37010000, 0x37c10000, 0x3b010000)
   the space 12288K,  66% used [0x37010000, 0x37818678, 0x37818800, 0x37c10000)
    ro space 10240K,  45% used [0x3b010000, 0x3b499b28, 0x3b499c00, 0x3ba10000)
    rw space 12288K,  54% used [0x3ba10000, 0x3c09d0e8, 0x3c09d200, 0x3c610000)
Event: 30.661 GC heap after
Heap after GC invocations=161 (full 107):
 def new generation   total 78656K, used 0K [0x27010000, 0x2c560000, 0x2c560000)
  eden space 69952K,   0% used [0x27010000, 0x27010000, 0x2b460000)
  from space 8704K,   0% used [0x2b460000, 0x2b460000, 0x2bce0000)
  to   space 8704K,   0% used [0x2bce0000, 0x2bce0000, 0x2c560000)
 tenured generation   total 174784K, used 162052K [0x2c560000, 0x37010000, 0x37010000)
   the space 174784K,  92% used [0x2c560000, 0x363a1150, 0x363a1200, 0x37010000)
 compacting perm gen  total 12288K, used 8225K [0x37010000, 0x37c10000, 0x3b010000)
   the space 12288K,  66% used [0x37010000, 0x37818678, 0x37818800, 0x37c10000)
    ro space 10240K,  45% used [0x3b010000, 0x3b499b28, 0x3b499c00, 0x3ba10000)
    rw space 12288K,  54% used [0x3ba10000, 0x3c09d0e8, 0x3c09d200, 0x3c610000)
}
Event: 30.685 GC heap before
{Heap before GC invocations=161 (full 107):
 def new generation   total 78656K, used 69952K [0x27010000, 0x2c560000, 0x2c560000)
  eden space 69952K, 100% used [0x27010000, 0x2b460000, 0x2b460000)
  from space 8704K,   0% used [0x2b460000, 0x2b460000, 0x2bce0000)
  to   space 8704K,   0% used [0x2bce0000, 0x2bce0000, 0x2c560000)
 tenured generation   total 174784K, used 162052K [0x2c560000, 0x37010000, 0x37010000)
   the space 174784K,  92% used [0x2c560000, 0x363a1150, 0x363a1200, 0x37010000)
 compacting perm gen  total 12288K, used 8237K [0x37010000, 0x37c10000, 0x3b010000)
   the space 12288K,  67% used [0x37010000, 0x3781b448, 0x3781b600, 0x37c10000)
    ro space 10240K,  45% used [0x3b010000, 0x3b499b28, 0x3b499c00, 0x3ba10000)
    rw space 12288K,  54% used [0x3ba10000, 0x3c09d0e8, 0x3c09d200, 0x3c610000)
Event: 30.972 GC heap after
Heap after GC invocations=162 (full 108):
 def new generation   total 78656K, used 0K [0x27010000, 0x2c560000, 0x2c560000)
  eden space 69952K,   0% used [0x27010000, 0x27010000, 0x2b460000)
  from space 8704K,   0% used [0x2b460000, 0x2b460000, 0x2bce0000)
  to   space 8704K,   0% used [0x2bce0000, 0x2bce0000, 0x2c560000)
 tenured generation   total 174784K, used 163020K [0x2c560000, 0x37010000, 0x37010000)
   the space 174784K,  93% used [0x2c560000, 0x36493000, 0x36493000, 0x37010000)
 compacting perm gen  total 12288K, used 8237K [0x37010000, 0x37c10000, 0x3b010000)
   the space 12288K,  67% used [0x37010000, 0x3781b428, 0x3781b600, 0x37c10000)
    ro space 10240K,  45% used [0x3b010000, 0x3b499b28, 0x3b499c00, 0x3ba10000)
    rw space 12288K,  54% used [0x3ba10000, 0x3c09d0e8, 0x3c09d200, 0x3c610000)
}
Event: 31.006 GC heap before
{Heap before GC invocations=162 (full 108):
 def new generation   total 78656K, used 69952K [0x27010000, 0x2c560000, 0x2c560000)
  eden space 69952K, 100% used [0x27010000, 0x2b460000, 0x2b460000)
  from space 8704K,   0% used [0x2b460000, 0x2b460000, 0x2bce0000)
  to   space 8704K,   0% used [0x2bce0000, 0x2bce0000, 0x2c560000)
 tenured generation   total 174784K, used 163020K [0x2c560000, 0x37010000, 0x37010000)
   the space 174784K,  93% used [0x2c560000, 0x36493000, 0x36493000, 0x37010000)
 compacting perm gen  total 12288K, used 8237K [0x37010000, 0x37c10000, 0x3b010000)
   the space 12288K,  67% used [0x37010000, 0x3781b428, 0x3781b600, 0x37c10000)
    ro space 10240K,  45% used [0x3b010000, 0x3b499b28, 0x3b499c00, 0x3ba10000)
    rw space 12288K,  54% used [0x3ba10000, 0x3c09d0e8, 0x3c09d200, 0x3c610000)
Event: 31.220 GC heap after
Heap after GC invocations=163 (full 109):
 def new generation   total 78656K, used 0K [0x27010000, 0x2c560000, 0x2c560000)
  eden space 69952K,   0% used [0x27010000, 0x27010000, 0x2b460000)
  from space 8704K,   0% used [0x2b460000, 0x2b460000, 0x2bce0000)
  to   space 8704K,   0% used [0x2bce0000, 0x2bce0000, 0x2c560000)
 tenured generation   total 174784K, used 110139K [0x2c560000, 0x37010000, 0x37010000)
   the space 174784K,  63% used [0x2c560000, 0x330eed20, 0x330eee00, 0x37010000)
 compacting perm gen  total 12288K, used 8237K [0x37010000, 0x37c10000, 0x3b010000)
   the space 12288K,  67% used [0x37010000, 0x3781b428, 0x3781b600, 0x37c10000)
    ro space 10240K,  45% used [0x3b010000, 0x3b499b28, 0x3b499c00, 0x3ba10000)
    rw space 12288K,  54% used [0x3ba10000, 0x3c09d0e8, 0x3c09d200, 0x3c610000)
}
Event: 31.266 GC heap before
{Heap before GC invocations=163 (full 109):
 def new generation   total 78656K, used 69952K [0x27010000, 0x2c560000, 0x2c560000)
  eden space 69952K, 100% used [0x27010000, 0x2b460000, 0x2b460000)
  from space 8704K,   0% used [0x2b460000, 0x2b460000, 0x2bce0000)
  to   space 8704K,   0% used [0x2bce0000, 0x2bce0000, 0x2c560000)
 tenured generation   total 174784K, used 110139K [0x2c560000, 0x37010000, 0x37010000)
   the space 174784K,  63% used [0x2c560000, 0x330eed20, 0x330eee00, 0x37010000)
 compacting perm gen  total 12288K, used 8278K [0x37010000, 0x37c10000, 0x3b010000)
   the space 12288K,  67% used [0x37010000, 0x378259f0, 0x37825a00, 0x37c10000)
    ro space 10240K,  45% used [0x3b010000, 0x3b499b28, 0x3b499c00, 0x3ba10000)
    rw space 12288K,  54% used [0x3ba10000, 0x3c09d0e8, 0x3c09d200, 0x3c610000)
Event: 31.269 GC heap after
Heap after GC invocations=164 (full 109):
 def new generation   total 78656K, used 1059K [0x27010000, 0x2c560000, 0x2c560000)
  eden space 69952K,   0% used [0x27010000, 0x27010000, 0x2b460000)
  from space 8704K,  12% used [0x2bce0000, 0x2bde8d68, 0x2c560000)
  to   space 8704K,   0% used [0x2b460000, 0x2b460000, 0x2bce0000)
 tenured generation   total 174784K, used 110139K [0x2c560000, 0x37010000, 0x37010000)
   the space 174784K,  63% used [0x2c560000, 0x330eed20, 0x330eee00, 0x37010000)
 compacting perm gen  total 12288K, used 8278K [0x37010000, 0x37c10000, 0x3b010000)
   the space 12288K,  67% used [0x37010000, 0x378259f0, 0x37825a00, 0x37c10000)
    ro space 10240K,  45% used [0x3b010000, 0x3b499b28, 0x3b499c00, 0x3ba10000)
    rw space 12288K,  54% used [0x3ba10000, 0x3c09d0e8, 0x3c09d200, 0x3c610000)
}

