# JRE version: 7.0_25-b16
# Java VM: Java HotSpot(TM) Client VM (23.25-b01 mixed mode, sharing windows-x86 )
Heap
 def new generation   total 78656K, used 13011K [0x27010000, 0x2c560000, 0x2c560000)
  eden space 69952K,  15% used [0x27010000, 0x27a76c10, 0x2b460000)
  from space 8704K,  27% used [0x2b460000, 0x2b6ae028, 0x2bce0000)
  to   space 8704K,   0% used [0x2bce0000, 0x2bce0000, 0x2c560000)
 tenured generation   total 174784K, used 110624K [0x2c560000, 0x37010000, 0x37010000)
   the space 174784K,  63% used [0x2c560000, 0x33168108, 0x33168200, 0x37010000)
 compacting perm gen  total 12288K, used 8817K [0x37010000, 0x37c10000, 0x3b010000)
   the space 12288K,  71% used [0x37010000, 0x378ac640, 0x378ac800, 0x37c10000)
    ro space 10240K,  45% used [0x3b010000, 0x3b499b28, 0x3b499c00, 0x3ba10000)
    rw space 12288K,  54% used [0x3ba10000, 0x3c09d0e8, 0x3c09d200, 0x3c610000)
GC Heap History (10 events):
Event: 30.457 GC heap before
{Heap before GC invocations=156 (full 106):
 def new generation   total 78656K, used 69952K [0x27010000, 0x2c560000, 0x2c560000)
  eden space 69952K, 100% used [0x27010000, 0x2b460000, 0x2b460000)
  from space 8704K,   0% used [0x2bce0000, 0x2bce0000, 0x2c560000)
  to   space 8704K,   0% used [0x2b460000, 0x2b460000, 0x2bce0000)
 tenured generation   total 174784K, used 142814K [0x2c560000, 0x37010000, 0x37010000)
   the space 174784K,  81% used [0x2c560000, 0x350d78b8, 0x350d7a00, 0x37010000)
 compacting perm gen  total 12288K, used 8236K [0x37010000, 0x37c10000, 0x3b010000)
   the space 12288K,  67% used [0x37010000, 0x3781b348, 0x3781b400, 0x37c10000)
    ro space 10240K,  45% used [0x3b010000, 0x3b499b28, 0x3b499c00, 0x3ba10000)
    rw space 12288K,  54% used [0x3ba10000, 0x3c09d0e8, 0x3c09d200, 0x3c610000)
Event: 30.688 GC heap after
Heap after GC invocations=157 (full 107):
 def new generation   total 78656K, used 0K [0x27010000, 0x2c560000, 0x2c560000)
  eden space 69952K,   0% used [0x27010000, 0x27010000, 0x2b460000)
  from space 8704K,   0% used [0x2bce0000, 0x2bce0000, 0x2c560000)
  to   space 8704K,   0% used [0x2b460000, 0x2b460000, 0x2bce0000)
 tenured generation   total 174784K, used 143555K [0x2c560000, 0x37010000, 0x37010000)
   the space 174784K,  82% used [0x2c560000, 0x35190ef0, 0x35191000, 0x37010000)
 compacting perm gen  total 12288K, used 8236K [0x37010000, 0x37c10000, 0x3b010000)
   the space 12288K,  67% used [0x37010000, 0x3781b348, 0x3781b400, 0x37c10000)
    ro space 10240K,  45% used [0x3b010000, 0x3b499b28, 0x3b499c00, 0x3ba10000)
    rw space 12288K,  54% used [0x3ba10000, 0x3c09d0e8, 0x3c09d200, 0x3c610000)
}
Event: 30.738 GC heap before
{Heap before GC invocations=157 (full 107):
 def new generation   total 78656K, used 69952K [0x27010000, 0x2c560000, 0x2c560000)
  eden space 69952K, 100% used [0x27010000, 0x2b460000, 0x2b460000)
  from space 8704K,   0% used [0x2bce0000, 0x2bce0000, 0x2c560000)
  to   space 8704K,   0% used [0x2b460000, 0x2b460000, 0x2bce0000)
 tenured generation   total 174784K, used 143555K [0x2c560000, 0x37010000, 0x37010000)
   the space 174784K,  82% used [0x2c560000, 0x35190ef0, 0x35191000, 0x37010000)
 compacting perm gen  total 12288K, used 8259K [0x37010000, 0x37c10000, 0x3b010000)
   the space 12288K,  67% used [0x37010000, 0x37820ed0, 0x37821000, 0x37c10000)
    ro space 10240K,  45% used [0x3b010000, 0x3b499b28, 0x3b499c00, 0x3ba10000)
    rw space 12288K,  54% used [0x3ba10000, 0x3c09d0e8, 0x3c09d200, 0x3c610000)
Event: 30.997 GC heap after
Heap after GC invocations=158 (full 108):
 def new generation   total 78656K, used 0K [0x27010000, 0x2c560000, 0x2c560000)
  eden space 69952K,   0% used [0x27010000, 0x27010000, 0x2b460000)
  from space 8704K,   0% used [0x2bce0000, 0x2bce0000, 0x2c560000)
  to   space 8704K,   0% used [0x2b460000, 0x2b460000, 0x2bce0000)
 tenured generation   total 174784K, used 135769K [0x2c560000, 0x37010000, 0x37010000)
   the space 174784K,  77% used [0x2c560000, 0x349f64e8, 0x349f6600, 0x37010000)
 compacting perm gen  total 12288K, used 8259K [0x37010000, 0x37c10000, 0x3b010000)
   the space 12288K,  67% used [0x37010000, 0x37820e40, 0x37821000, 0x37c10000)
    ro space 10240K,  45% used [0x3b010000, 0x3b499b28, 0x3b499c00, 0x3ba10000)
    rw space 12288K,  54% used [0x3ba10000, 0x3c09d0e8, 0x3c09d200, 0x3c610000)
}
Event: 31.032 GC heap before
{Heap before GC invocations=158 (full 108):
 def new generation   total 78656K, used 69952K [0x27010000, 0x2c560000, 0x2c560000)
  eden space 69952K, 100% used [0x27010000, 0x2b460000, 0x2b460000)
  from space 8704K,   0% used [0x2bce0000, 0x2bce0000, 0x2c560000)
  to   space 8704K,   0% used [0x2b460000, 0x2b460000, 0x2bce0000)
 tenured generation   total 174784K, used 135769K [0x2c560000, 0x37010000, 0x37010000)
   the space 174784K,  77% used [0x2c560000, 0x349f64e8, 0x349f6600, 0x37010000)
 compacting perm gen  total 12288K, used 8260K [0x37010000, 0x37c10000, 0x3b010000)
   the space 12288K,  67% used [0x37010000, 0x37821100, 0x37821200, 0x37c10000)
    ro space 10240K,  45% used [0x3b010000, 0x3b499b28, 0x3b499c00, 0x3ba10000)
    rw space 12288K,  54% used [0x3ba10000, 0x3c09d0e8, 0x3c09d200, 0x3c610000)
Event: 31.229 GC heap after
Heap after GC invocations=159 (full 109):
 def new generation   total 78656K, used 0K [0x27010000, 0x2c560000, 0x2c560000)
  eden space 69952K,   0% used [0x27010000, 0x27010000, 0x2b460000)
  from space 8704K,   0% used [0x2bce0000, 0x2bce0000, 0x2c560000)
  to   space 8704K,   0% used [0x2b460000, 0x2b460000, 0x2bce0000)
 tenured generation   total 174784K, used 136651K [0x2c560000, 0x37010000, 0x37010000)
   the space 174784K,  78% used [0x2c560000, 0x34ad2e60, 0x34ad3000, 0x37010000)
 compacting perm gen  total 12288K, used 8260K [0x37010000, 0x37c10000, 0x3b010000)
   the space 12288K,  67% used [0x37010000, 0x37821100, 0x37821200, 0x37c10000)
    ro space 10240K,  45% used [0x3b010000, 0x3b499b28, 0x3b499c00, 0x3ba10000)
    rw space 12288K,  54% used [0x3ba10000, 0x3c09d0e8, 0x3c09d200, 0x3c610000)
}
Event: 31.279 GC heap before
{Heap before GC invocations=159 (full 109):
 def new generation   total 78656K, used 69952K [0x27010000, 0x2c560000, 0x2c560000)
  eden space 69952K, 100% used [0x27010000, 0x2b460000, 0x2b460000)
  from space 8704K,   0% used [0x2bce0000, 0x2bce0000, 0x2c560000)
  to   space 8704K,   0% used [0x2b460000, 0x2b460000, 0x2bce0000)
 tenured generation   total 174784K, used 136651K [0x2c560000, 0x37010000, 0x37010000)
   the space 174784K,  78% used [0x2c560000, 0x34ad2e60, 0x34ad3000, 0x37010000)
 compacting perm gen  total 12288K, used 8260K [0x37010000, 0x37c10000, 0x3b010000)
   the space 12288K,  67% used [0x37010000, 0x37821100, 0x37821200, 0x37c10000)
    ro space 10240K,  45% used [0x3b010000, 0x3b499b28, 0x3b499c00, 0x3ba10000)
    rw space 12288K,  54% used [0x3ba10000, 0x3c09d0e8, 0x3c09d200, 0x3c610000)
Event: 31.488 GC heap after
Heap after GC invocations=160 (full 110):
 def new generation   total 78656K, used 0K [0x27010000, 0x2c560000, 0x2c560000)
  eden space 69952K,   0% used [0x27010000, 0x27010000, 0x2b460000)
  from space 8704K,   0% used [0x2bce0000, 0x2bce0000, 0x2c560000)
  to   space 8704K,   0% used [0x2b460000, 0x2b460000, 0x2bce0000)
 tenured generation   total 174784K, used 110624K [0x2c560000, 0x37010000, 0x37010000)
   the space 174784K,  63% used [0x2c560000, 0x33168108, 0x33168200, 0x37010000)
 compacting perm gen  total 12288K, used 8260K [0x37010000, 0x37c10000, 0x3b010000)
   the space 12288K,  67% used [0x37010000, 0x37821100, 0x37821200, 0x37c10000)
    ro space 10240K,  45% used [0x3b010000, 0x3b499b28, 0x3b499c00, 0x3ba10000)
    rw space 12288K,  54% used [0x3ba10000, 0x3c09d0e8, 0x3c09d200, 0x3c610000)
}
Event: 37.213 GC heap before
{Heap before GC invocations=160 (full 110):
 def new generation   total 78656K, used 69952K [0x27010000, 0x2c560000, 0x2c560000)
  eden space 69952K, 100% used [0x27010000, 0x2b460000, 0x2b460000)
  from space 8704K,   0% used [0x2bce0000, 0x2bce0000, 0x2c560000)
  to   space 8704K,   0% used [0x2b460000, 0x2b460000, 0x2bce0000)
 tenured generation   total 174784K, used 110624K [0x2c560000, 0x37010000, 0x37010000)
   the space 174784K,  63% used [0x2c560000, 0x33168108, 0x33168200, 0x37010000)
 compacting perm gen  total 12288K, used 8817K [0x37010000, 0x37c10000, 0x3b010000)
   the space 12288K,  71% used [0x37010000, 0x378ac5c0, 0x378ac600, 0x37c10000)
    ro space 10240K,  45% used [0x3b010000, 0x3b499b28, 0x3b499c00, 0x3ba10000)
    rw space 12288K,  54% used [0x3ba10000, 0x3c09d0e8, 0x3c09d200, 0x3c610000)
Event: 37.222 GC heap after
Heap after GC invocations=161 (full 110):
 def new generation   total 78656K, used 2360K [0x27010000, 0x2c560000, 0x2c560000)
  eden space 69952K,   0% used [0x27010000, 0x27010000, 0x2b460000)
  from space 8704K,  27% used [0x2b460000, 0x2b6ae028, 0x2bce0000)
  to   space 8704K,   0% used [0x2bce0000, 0x2bce0000, 0x2c560000)
 tenured generation   total 174784K, used 110624K [0x2c560000, 0x37010000, 0x37010000)
   the space 174784K,  63% used [0x2c560000, 0x33168108, 0x33168200, 0x37010000)
 compacting perm gen  total 12288K, used 8817K [0x37010000, 0x37c10000, 0x3b010000)
   the space 12288K,  71% used [0x37010000, 0x378ac5c0, 0x378ac600, 0x37c10000)
    ro space 10240K,  45% used [0x3b010000, 0x3b499b28, 0x3b499c00, 0x3ba10000)
    rw space 12288K,  54% used [0x3ba10000, 0x3c09d0e8, 0x3c09d200, 0x3c610000)
}

